23/07/2011 22:48:42 (Std) 	+-+-+-+-+-+-+-+-+-+-+-+-+-+-+-+-+-+-+-+-+-+-+-+-+-+-+-+-+-+-+-+-+-+-+-+-+-+-+-+
23/07/2011 22:48:42 (Std) 	+                     Crazy Eddie's GUI System - Event log                    +
23/07/2011 22:48:42 (Std) 	+                          (http://www.cegui.org.uk/)                         +
23/07/2011 22:48:42 (Std) 	+-+-+-+-+-+-+-+-+-+-+-+-+-+-+-+-+-+-+-+-+-+-+-+-+-+-+-+-+-+-+-+-+-+-+-+-+-+-+-+

23/07/2011 22:48:42 (Std) 	CEGUI::Logger singleton created. (0x23d6f90)
23/07/2011 22:48:42 (Std) 	
23/07/2011 22:48:42 (Std) 	********************************************************************************
23/07/2011 22:48:42 (Std) 	* Important:                                                                   *
23/07/2011 22:48:42 (Std) 	*     To get support at the CEGUI forums, you must post _at least_ the section *
23/07/2011 22:48:42 (Std) 	*     of this log file indicated below.  Failure to do this will result in no  *
23/07/2011 22:48:42 (Std) 	*     support being given; please do not waste our time.                       *
23/07/2011 22:48:42 (Std) 	********************************************************************************
23/07/2011 22:48:42 (Std) 	********************************************************************************
23/07/2011 22:48:42 (Std) 	* -------- START OF ESSENTIAL SECTION TO BE POSTED ON THE FORUM       -------- *
23/07/2011 22:48:42 (Std) 	********************************************************************************
23/07/2011 22:48:42 (Std) 	---- Version 0.7.5 (Build: Jun 25 2011 GNU/Linux g++ 4.6.1 64 bit) ----
23/07/2011 22:48:42 (Std) 	---- Renderer module is: CEGUI::NullRenderer - The null renderer. ----
23/07/2011 22:48:42 (Std) 	---- XML Parser module is: CEGUI::XercesParser - Official Xerces-C++ based parser module for CEGUI ----
23/07/2011 22:48:42 (Std) 	---- Image Codec module is: DevILImageCodec - Official DevIL based image codec ----
23/07/2011 22:48:42 (Std) 	---- Scripting module is: None ----
23/07/2011 22:48:42 (Std) 	********************************************************************************
23/07/2011 22:48:42 (Std) 	* -------- END OF ESSENTIAL SECTION TO BE POSTED ON THE FORUM         -------- *
23/07/2011 22:48:42 (Std) 	********************************************************************************
23/07/2011 22:48:42 (Std) 	
23/07/2011 22:48:42 (Std) 	---- Begining CEGUI System initialisation ----
23/07/2011 22:48:42 (Std) 	CEGUI::ImagesetManager singleton created (0x23e1df0)
23/07/2011 22:48:42 (Std) 	CEGUI::FontManager singleton created. (0x23e2080)
23/07/2011 22:48:42 (Std) 	CEGUI::WindowFactoryManager singleton created
23/07/2011 22:48:42 (Std) 	CEGUI::WindowManager singleton created (0x23e2250)
23/07/2011 22:48:42 (Std) 	CEGUI::SchemeManager singleton created. (0x23e22f0)
23/07/2011 22:48:42 (Std) 	CEGUI::MouseCursor singleton created. (0x23e2420)
23/07/2011 22:48:42 (Std) 	CEGUI::GlobalEventSet singleton created. (0x23d9180)
23/07/2011 22:48:42 (Std) 	CEGUI::AnimationManager singleton created (0x23e2540)
23/07/2011 22:48:42 (Std) 	CEGUI::WidgetLookManager singleton created. (0x23dcc50)
23/07/2011 22:48:42 (Std) 	CEGUI::WindowRendererManager singleton created (0x23e3570)
23/07/2011 22:48:42 (Std) 	CEGUI::RenderEffectManager singleton created (0x23e1f90)
23/07/2011 22:48:42 (Std) 	Created WindowFactory for 'DefaultWindow' windows.
23/07/2011 22:48:42 (Std) 	WindowFactory for 'DefaultWindow' windows added. (0x23e35b0)
23/07/2011 22:48:42 (Std) 	Created WindowFactory for 'DragContainer' windows.
23/07/2011 22:48:42 (Std) 	WindowFactory for 'DragContainer' windows added. (0x23e38b0)
23/07/2011 22:48:42 (Std) 	Created WindowFactory for 'ScrolledContainer' windows.
23/07/2011 22:48:42 (Std) 	WindowFactory for 'ScrolledContainer' windows added. (0x23e3a50)
23/07/2011 22:48:42 (Std) 	Created WindowFactory for 'ClippedContainer' windows.
23/07/2011 22:48:42 (Std) 	WindowFactory for 'ClippedContainer' windows added. (0x23e3bf0)
23/07/2011 22:48:42 (Std) 	Created WindowFactory for 'CEGUI/Checkbox' windows.
23/07/2011 22:48:42 (Std) 	WindowFactory for 'CEGUI/Checkbox' windows added. (0x23e3d90)
23/07/2011 22:48:42 (Std) 	Created WindowFactory for 'CEGUI/PushButton' windows.
23/07/2011 22:48:42 (Std) 	WindowFactory for 'CEGUI/PushButton' windows added. (0x23e3f30)
23/07/2011 22:48:42 (Std) 	Created WindowFactory for 'CEGUI/RadioButton' windows.
23/07/2011 22:48:42 (Std) 	WindowFactory for 'CEGUI/RadioButton' windows added. (0x23e40d0)
23/07/2011 22:48:42 (Std) 	Created WindowFactory for 'CEGUI/Combobox' windows.
23/07/2011 22:48:42 (Std) 	WindowFactory for 'CEGUI/Combobox' windows added. (0x23e4270)
23/07/2011 22:48:42 (Std) 	Created WindowFactory for 'CEGUI/ComboDropList' windows.
23/07/2011 22:48:42 (Std) 	WindowFactory for 'CEGUI/ComboDropList' windows added. (0x23e4410)
23/07/2011 22:48:42 (Std) 	Created WindowFactory for 'CEGUI/Editbox' windows.
23/07/2011 22:48:42 (Std) 	WindowFactory for 'CEGUI/Editbox' windows added. (0x23e4640)
23/07/2011 22:48:42 (Std) 	Created WindowFactory for 'CEGUI/FrameWindow' windows.
23/07/2011 22:48:42 (Std) 	WindowFactory for 'CEGUI/FrameWindow' windows added. (0x23e47e0)
23/07/2011 22:48:42 (Std) 	Created WindowFactory for 'CEGUI/ItemEntry' windows.
23/07/2011 22:48:42 (Std) 	WindowFactory for 'CEGUI/ItemEntry' windows added. (0x23e4980)
23/07/2011 22:48:42 (Std) 	Created WindowFactory for 'CEGUI/Listbox' windows.
23/07/2011 22:48:42 (Std) 	WindowFactory for 'CEGUI/Listbox' windows added. (0x23e4b20)
23/07/2011 22:48:42 (Std) 	Created WindowFactory for 'CEGUI/ListHeader' windows.
23/07/2011 22:48:42 (Std) 	WindowFactory for 'CEGUI/ListHeader' windows added. (0x23e4cc0)
23/07/2011 22:48:42 (Std) 	Created WindowFactory for 'CEGUI/ListHeaderSegment' windows.
23/07/2011 22:48:42 (Std) 	WindowFactory for 'CEGUI/ListHeaderSegment' windows added. (0x23e4e60)
23/07/2011 22:48:42 (Std) 	Created WindowFactory for 'CEGUI/Menubar' windows.
23/07/2011 22:48:42 (Std) 	WindowFactory for 'CEGUI/Menubar' windows added. (0x23e5000)
23/07/2011 22:48:42 (Std) 	Created WindowFactory for 'CEGUI/PopupMenu' windows.
23/07/2011 22:48:42 (Std) 	WindowFactory for 'CEGUI/PopupMenu' windows added. (0x23e51a0)
23/07/2011 22:48:42 (Std) 	Created WindowFactory for 'CEGUI/MenuItem' windows.
23/07/2011 22:48:42 (Std) 	WindowFactory for 'CEGUI/MenuItem' windows added. (0x23e5450)
23/07/2011 22:48:42 (Std) 	Created WindowFactory for 'CEGUI/MultiColumnList' windows.
23/07/2011 22:48:42 (Std) 	WindowFactory for 'CEGUI/MultiColumnList' windows added. (0x23e55f0)
23/07/2011 22:48:42 (Std) 	Created WindowFactory for 'CEGUI/MultiLineEditbox' windows.
23/07/2011 22:48:42 (Std) 	WindowFactory for 'CEGUI/MultiLineEditbox' windows added. (0x23e5790)
23/07/2011 22:48:42 (Std) 	Created WindowFactory for 'CEGUI/ProgressBar' windows.
23/07/2011 22:48:42 (Std) 	WindowFactory for 'CEGUI/ProgressBar' windows added. (0x23e5930)
23/07/2011 22:48:42 (Std) 	Created WindowFactory for 'CEGUI/ScrollablePane' windows.
23/07/2011 22:48:42 (Std) 	WindowFactory for 'CEGUI/ScrollablePane' windows added. (0x23e5ad0)
23/07/2011 22:48:42 (Std) 	Created WindowFactory for 'CEGUI/Scrollbar' windows.
23/07/2011 22:48:42 (Std) 	WindowFactory for 'CEGUI/Scrollbar' windows added. (0x23e5c70)
23/07/2011 22:48:42 (Std) 	Created WindowFactory for 'CEGUI/Slider' windows.
23/07/2011 22:48:42 (Std) 	WindowFactory for 'CEGUI/Slider' windows added. (0x23e5e10)
23/07/2011 22:48:42 (Std) 	Created WindowFactory for 'CEGUI/Spinner' windows.
23/07/2011 22:48:42 (Std) 	WindowFactory for 'CEGUI/Spinner' windows added. (0x23e5fb0)
23/07/2011 22:48:42 (Std) 	Created WindowFactory for 'CEGUI/TabButton' windows.
23/07/2011 22:48:42 (Std) 	WindowFactory for 'CEGUI/TabButton' windows added. (0x23e6150)
23/07/2011 22:48:42 (Std) 	Created WindowFactory for 'CEGUI/TabControl' windows.
23/07/2011 22:48:42 (Std) 	WindowFactory for 'CEGUI/TabControl' windows added. (0x23e62f0)
23/07/2011 22:48:42 (Std) 	Created WindowFactory for 'CEGUI/Thumb' windows.
23/07/2011 22:48:42 (Std) 	WindowFactory for 'CEGUI/Thumb' windows added. (0x23e6490)
23/07/2011 22:48:42 (Std) 	Created WindowFactory for 'CEGUI/Titlebar' windows.
23/07/2011 22:48:42 (Std) 	WindowFactory for 'CEGUI/Titlebar' windows added. (0x23e6630)
23/07/2011 22:48:42 (Std) 	Created WindowFactory for 'CEGUI/Tooltip' windows.
23/07/2011 22:48:42 (Std) 	WindowFactory for 'CEGUI/Tooltip' windows added. (0x23e67d0)
23/07/2011 22:48:42 (Std) 	Created WindowFactory for 'CEGUI/ItemListbox' windows.
23/07/2011 22:48:42 (Std) 	WindowFactory for 'CEGUI/ItemListbox' windows added. (0x23e6970)
23/07/2011 22:48:42 (Std) 	Created WindowFactory for 'CEGUI/GroupBox' windows.
23/07/2011 22:48:42 (Std) 	WindowFactory for 'CEGUI/GroupBox' windows added. (0x23e6b10)
23/07/2011 22:48:42 (Std) 	Created WindowFactory for 'CEGUI/Tree' windows.
23/07/2011 22:48:42 (Std) 	WindowFactory for 'CEGUI/Tree' windows added. (0x23e6cb0)
23/07/2011 22:48:42 (Std) 	Created WindowFactory for 'HorizontalLayoutContainer' windows.
23/07/2011 22:48:42 (Std) 	WindowFactory for 'HorizontalLayoutContainer' windows added. (0x23e5340)
23/07/2011 22:48:42 (Std) 	Created WindowFactory for 'VerticalLayoutContainer' windows.
23/07/2011 22:48:42 (Std) 	WindowFactory for 'VerticalLayoutContainer' windows added. (0x23e7140)
23/07/2011 22:48:42 (Std) 	Created WindowFactory for 'GridLayoutContainer' windows.
23/07/2011 22:48:42 (Std) 	WindowFactory for 'GridLayoutContainer' windows added. (0x23e72e0)
23/07/2011 22:48:42 (Std) 	Window type alias named 'DefaultGUISheet' added for window type 'DefaultWindow'.
23/07/2011 22:48:42 (Std) 	CEGUI::System singleton created. (0x23d6960)
23/07/2011 22:48:42 (Std) 	---- CEGUI System initialisation completed ----
23/07/2011 22:48:42 (Std) 	
